0 info it worked if it ends with ok
1 verbose cli [ '/Applications/PhoneGap.app/Contents/Resources/app/bin/node',
1 verbose cli   '/Applications/PhoneGap.app/Contents/Resources/app/node_modules/npm/bin/npm-cli.js',
1 verbose cli   'install' ]
2 info using npm@3.10.3
3 info using node@v6.3.1
4 silly loadCurrentTree Starting
5 silly install loadCurrentTree
6 silly install readLocalPackageData
7 silly install normalizeTree
8 silly loadCurrentTree Finishing
9 silly loadIdealTree Starting
10 silly install loadIdealTree
11 silly cloneCurrentTree Starting
12 silly install cloneCurrentTreeToIdealTree
13 silly cloneCurrentTree Finishing
14 silly loadShrinkwrap Starting
15 silly install loadShrinkwrap
16 silly loadShrinkwrap Finishing
17 silly loadAllDepsIntoIdealTree Starting
18 silly install loadAllDepsIntoIdealTree
19 silly fetchNamedPackageData cordova-sqlite-storage-dependencies
20 silly mapToRegistry name cordova-sqlite-storage-dependencies
21 silly mapToRegistry using default registry
22 silly mapToRegistry registry https://registry.npmjs.org/
23 silly mapToRegistry data Result {
23 silly mapToRegistry   raw: 'cordova-sqlite-storage-dependencies',
23 silly mapToRegistry   scope: null,
23 silly mapToRegistry   escapedName: 'cordova-sqlite-storage-dependencies',
23 silly mapToRegistry   name: 'cordova-sqlite-storage-dependencies',
23 silly mapToRegistry   rawSpec: '',
23 silly mapToRegistry   spec: 'latest',
23 silly mapToRegistry   type: 'tag' }
24 silly mapToRegistry uri https://registry.npmjs.org/cordova-sqlite-storage-dependencies
25 verbose request uri https://registry.npmjs.org/cordova-sqlite-storage-dependencies
26 verbose request no auth needed
27 info attempt registry request try #1 at 11:52:18 PM
28 verbose request id 2b1124d4c4137f33
29 verbose etag "5a4d78da-2ebc"
30 verbose lastModified Thu, 4 Jan 2018 0:44:10 GMT
31 http request GET https://registry.npmjs.org/cordova-sqlite-storage-dependencies
32 http 304 https://registry.npmjs.org/cordova-sqlite-storage-dependencies
33 verbose headers { date: 'Wed, 24 Jan 2018 02:52:18 GMT',
33 verbose headers   via: '1.1 varnish',
33 verbose headers   'cache-control': 'max-age=300',
33 verbose headers   etag: '"5a4d78da-2ebc"',
33 verbose headers   age: '0',
33 verbose headers   connection: 'keep-alive',
33 verbose headers   'x-served-by': 'cache-gru17122-GRU',
33 verbose headers   'x-cache': 'MISS',
33 verbose headers   'x-cache-hits': '0',
33 verbose headers   'x-timer': 'S1516762339.994059,VS0,VE200',
33 verbose headers   vary: 'Accept-Encoding, Accept' }
34 silly get cb [ 304,
34 silly get   { date: 'Wed, 24 Jan 2018 02:52:18 GMT',
34 silly get     via: '1.1 varnish',
34 silly get     'cache-control': 'max-age=300',
34 silly get     etag: '"5a4d78da-2ebc"',
34 silly get     age: '0',
34 silly get     connection: 'keep-alive',
34 silly get     'x-served-by': 'cache-gru17122-GRU',
34 silly get     'x-cache': 'MISS',
34 silly get     'x-cache-hits': '0',
34 silly get     'x-timer': 'S1516762339.994059,VS0,VE200',
34 silly get     vary: 'Accept-Encoding, Accept' } ]
35 verbose etag https://registry.npmjs.org/cordova-sqlite-storage-dependencies from cache
36 verbose get saving cordova-sqlite-storage-dependencies to /Users/imac/.npm/registry.npmjs.org/cordova-sqlite-storage-dependencies/.cache.json
37 verbose correctMkdir /Users/imac/.npm correctMkdir not in flight; initializing
38 silly resolveWithNewModule cordova-sqlite-storage-dependencies@1.1.0 checking installable status
39 silly cache add args [ 'cordova-sqlite-storage-dependencies@1.1.0', null ]
40 verbose cache add spec cordova-sqlite-storage-dependencies@1.1.0
41 silly cache add parsed spec Result {
41 silly cache add   raw: 'cordova-sqlite-storage-dependencies@1.1.0',
41 silly cache add   scope: null,
41 silly cache add   escapedName: 'cordova-sqlite-storage-dependencies',
41 silly cache add   name: 'cordova-sqlite-storage-dependencies',
41 silly cache add   rawSpec: '1.1.0',
41 silly cache add   spec: '1.1.0',
41 silly cache add   type: 'version' }
42 silly addNamed cordova-sqlite-storage-dependencies@1.1.0
43 verbose addNamed "1.1.0" is a plain semver version for cordova-sqlite-storage-dependencies
44 silly mapToRegistry name cordova-sqlite-storage-dependencies
45 silly mapToRegistry using default registry
46 silly mapToRegistry registry https://registry.npmjs.org/
47 silly mapToRegistry data Result {
47 silly mapToRegistry   raw: 'cordova-sqlite-storage-dependencies',
47 silly mapToRegistry   scope: null,
47 silly mapToRegistry   escapedName: 'cordova-sqlite-storage-dependencies',
47 silly mapToRegistry   name: 'cordova-sqlite-storage-dependencies',
47 silly mapToRegistry   rawSpec: '',
47 silly mapToRegistry   spec: 'latest',
47 silly mapToRegistry   type: 'tag' }
48 silly mapToRegistry uri https://registry.npmjs.org/cordova-sqlite-storage-dependencies
49 verbose addNameVersion registry:https://registry.npmjs.org/cordova-sqlite-storage-dependencies not in flight; fetching
50 verbose get https://registry.npmjs.org/cordova-sqlite-storage-dependencies not expired, no request
51 silly cache afterAdd cordova-sqlite-storage-dependencies@1.1.0
52 verbose afterAdd /Users/imac/.npm/cordova-sqlite-storage-dependencies/1.1.0/package/package.json not in flight; writing
53 verbose correctMkdir /Users/imac/.npm correctMkdir not in flight; initializing
54 verbose afterAdd /Users/imac/.npm/cordova-sqlite-storage-dependencies/1.1.0/package/package.json written
55 silly fetchNamedPackageData shelljs
56 silly mapToRegistry name shelljs
57 silly mapToRegistry using default registry
58 silly mapToRegistry registry https://registry.npmjs.org/
59 silly mapToRegistry data Result {
59 silly mapToRegistry   raw: 'shelljs',
59 silly mapToRegistry   scope: null,
59 silly mapToRegistry   escapedName: 'shelljs',
59 silly mapToRegistry   name: 'shelljs',
59 silly mapToRegistry   rawSpec: '',
59 silly mapToRegistry   spec: 'latest',
59 silly mapToRegistry   type: 'tag' }
60 silly mapToRegistry uri https://registry.npmjs.org/shelljs
61 verbose request uri https://registry.npmjs.org/shelljs
62 verbose request no auth needed
63 info attempt registry request try #1 at 11:52:19 PM
64 verbose etag W/"599079a7-14c8d"
65 verbose lastModified Sun, 13 Aug 2017 16:09:11 GMT
66 http request GET https://registry.npmjs.org/shelljs
67 http 200 https://registry.npmjs.org/shelljs
68 verbose headers { 'content-type': 'application/json; charset=UTF-8',
68 verbose headers   server: 'UploadServer',
68 verbose headers   'cache-control': 'max-age=300',
68 verbose headers   'last-modified': 'Tue, 23 Jan 2018 6:24:15 GMT',
68 verbose headers   etag: '"5a66d50f-1665b"',
68 verbose headers   'content-encoding': 'gzip',
68 verbose headers   'content-length': '17266',
68 verbose headers   'accept-ranges': 'bytes',
68 verbose headers   date: 'Wed, 24 Jan 2018 02:52:19 GMT',
68 verbose headers   via: '1.1 varnish',
68 verbose headers   age: '1498',
68 verbose headers   connection: 'keep-alive',
68 verbose headers   'x-served-by': 'cache-gru17122-GRU',
68 verbose headers   'x-cache': 'HIT',
68 verbose headers   'x-cache-hits': '2',
68 verbose headers   'x-timer': 'S1516762340.672031,VS0,VE0',
68 verbose headers   vary: 'Accept-Encoding, Accept' }
69 silly get cb [ 200,
69 silly get   { 'content-type': 'application/json; charset=UTF-8',
69 silly get     server: 'UploadServer',
69 silly get     'cache-control': 'max-age=300',
69 silly get     'last-modified': 'Tue, 23 Jan 2018 6:24:15 GMT',
69 silly get     etag: '"5a66d50f-1665b"',
69 silly get     'content-encoding': 'gzip',
69 silly get     'content-length': '17266',
69 silly get     'accept-ranges': 'bytes',
69 silly get     date: 'Wed, 24 Jan 2018 02:52:19 GMT',
69 silly get     via: '1.1 varnish',
69 silly get     age: '1498',
69 silly get     connection: 'keep-alive',
69 silly get     'x-served-by': 'cache-gru17122-GRU',
69 silly get     'x-cache': 'HIT',
69 silly get     'x-cache-hits': '2',
69 silly get     'x-timer': 'S1516762340.672031,VS0,VE0',
69 silly get     vary: 'Accept-Encoding, Accept' } ]
70 verbose get saving shelljs to /Users/imac/.npm/registry.npmjs.org/shelljs/.cache.json
71 verbose correctMkdir /Users/imac/.npm correctMkdir not in flight; initializing
72 silly resolveWithNewModule shelljs@0.7.8 checking installable status
73 silly cache add args [ 'shelljs@^0.7.4', null ]
74 verbose cache add spec shelljs@^0.7.4
75 silly cache add parsed spec Result {
75 silly cache add   raw: 'shelljs@^0.7.4',
75 silly cache add   scope: null,
75 silly cache add   escapedName: 'shelljs',
75 silly cache add   name: 'shelljs',
75 silly cache add   rawSpec: '^0.7.4',
75 silly cache add   spec: '>=0.7.4 <0.8.0',
75 silly cache add   type: 'range' }
76 silly addNamed shelljs@>=0.7.4 <0.8.0
77 verbose addNamed ">=0.7.4 <0.8.0" is a valid semver range for shelljs
78 silly addNameRange { name: 'shelljs', range: '>=0.7.4 <0.8.0', hasData: false }
79 silly mapToRegistry name shelljs
80 silly mapToRegistry using default registry
81 silly mapToRegistry registry https://registry.npmjs.org/
82 silly mapToRegistry data Result {
82 silly mapToRegistry   raw: 'shelljs',
82 silly mapToRegistry   scope: null,
82 silly mapToRegistry   escapedName: 'shelljs',
82 silly mapToRegistry   name: 'shelljs',
82 silly mapToRegistry   rawSpec: '',
82 silly mapToRegistry   spec: 'latest',
82 silly mapToRegistry   type: 'tag' }
83 silly mapToRegistry uri https://registry.npmjs.org/shelljs
84 verbose addNameRange registry:https://registry.npmjs.org/shelljs not in flight; fetching
85 verbose get https://registry.npmjs.org/shelljs not expired, no request
86 silly addNameRange number 2 { name: 'shelljs', range: '>=0.7.4 <0.8.0', hasData: true }
87 silly addNameRange versions [ 'shelljs',
87 silly addNameRange   [ '0.0.1',
87 silly addNameRange     '0.0.2',
87 silly addNameRange     '0.0.3',
87 silly addNameRange     '0.0.4',
87 silly addNameRange     '0.0.5',
87 silly addNameRange     '0.0.6',
87 silly addNameRange     '0.0.7',
87 silly addNameRange     '0.0.8',
87 silly addNameRange     '0.0.9',
87 silly addNameRange     '0.1.0',
87 silly addNameRange     '0.1.1',
87 silly addNameRange     '0.1.2',
87 silly addNameRange     '0.1.3',
87 silly addNameRange     '0.1.4',
87 silly addNameRange     '0.2.0',
87 silly addNameRange     '0.2.1',
87 silly addNameRange     '0.2.2',
87 silly addNameRange     '0.2.3',
87 silly addNameRange     '0.2.4',
87 silly addNameRange     '0.2.5',
87 silly addNameRange     '0.2.6',
87 silly addNameRange     '0.3.0',
87 silly addNameRange     '0.4.0',
87 silly addNameRange     '0.5.0',
87 silly addNameRange     '0.5.1',
87 silly addNameRange     '0.5.2',
87 silly addNameRange     '0.5.3',
87 silly addNameRange     '0.6.0',
87 silly addNameRange     '0.7.0',
87 silly addNameRange     '0.7.1',
87 silly addNameRange     '0.7.2',
87 silly addNameRange     '0.7.3',
87 silly addNameRange     '0.6.1',
87 silly addNameRange     '0.7.4',
87 silly addNameRange     '0.7.5',
87 silly addNameRange     '0.7.6',
87 silly addNameRange     '0.7.7',
87 silly addNameRange     '0.7.8',
87 silly addNameRange     '0.8.0',
87 silly addNameRange     '0.8.1',
87 silly addNameRange     '0.0.1-alpha1',
87 silly addNameRange     '0.0.2-pre1',
87 silly addNameRange     '0.0.4-pre1',
87 silly addNameRange     '0.0.5-pre1',
87 silly addNameRange     '0.0.5-pre2',
87 silly addNameRange     '0.0.5-pre3',
87 silly addNameRange     '0.0.5-pre4',
87 silly addNameRange     '0.0.6-pre1',
87 silly addNameRange     '0.0.6-pre2' ] ]
88 silly addNamed shelljs@0.7.8
89 verbose addNamed "0.7.8" is a plain semver version for shelljs
90 silly mapToRegistry name shelljs
91 silly mapToRegistry using default registry
92 silly mapToRegistry registry https://registry.npmjs.org/
93 silly mapToRegistry data Result {
93 silly mapToRegistry   raw: 'shelljs',
93 silly mapToRegistry   scope: null,
93 silly mapToRegistry   escapedName: 'shelljs',
93 silly mapToRegistry   name: 'shelljs',
93 silly mapToRegistry   rawSpec: '',
93 silly mapToRegistry   spec: 'latest',
93 silly mapToRegistry   type: 'tag' }
94 silly mapToRegistry uri https://registry.npmjs.org/shelljs
95 verbose addRemoteTarball https://registry.npmjs.org/shelljs/-/shelljs-0.7.8.tgz not in flight; adding
96 verbose addRemoteTarball [ 'https://registry.npmjs.org/shelljs/-/shelljs-0.7.8.tgz',
96 verbose addRemoteTarball   'decbcf874b0d1e5fb72e14b164a9683048e9acb3' ]
97 info retry fetch attempt 1 at 11:52:19 PM
98 info attempt registry request try #1 at 11:52:19 PM
99 http fetch GET https://registry.npmjs.org/shelljs/-/shelljs-0.7.8.tgz
100 http fetch 200 https://registry.npmjs.org/shelljs/-/shelljs-0.7.8.tgz
101 silly fetchAndShaCheck shasum decbcf874b0d1e5fb72e14b164a9683048e9acb3
102 verbose addTmpTarball /var/folders/w0/qmq6hg_n68721mmhng58jhym0000gn/T/npm-5313-68224618/registry.npmjs.org/shelljs/-/shelljs-0.7.8.tgz not in flight; adding
103 verbose addTmpTarball already have metadata; skipping unpack for shelljs@0.7.8
104 verbose correctMkdir /Users/imac/.npm correctMkdir not in flight; initializing
105 silly rollbackFailedOptional Starting
106 silly rollbackFailedOptional Finishing
107 silly runTopLevelLifecycles Starting
108 silly runTopLevelLifecycles Finishing
109 silly install printInstalled
110 verbose stack Error: EACCES: permission denied, mkdir '/Users/imac/.npm/shelljs/0.7.8'
110 verbose stack     at Error (native)
111 verbose cwd /Applications/XAMPP/xamppfiles/htdocs/tombola/plugins/cordova-sqlite-storage
112 error Darwin 16.7.0
113 error argv "/Applications/PhoneGap.app/Contents/Resources/app/bin/node" "/Applications/PhoneGap.app/Contents/Resources/app/node_modules/npm/bin/npm-cli.js" "install"
114 error node v6.3.1
115 error npm  v3.10.3
116 error path /Users/imac/.npm/shelljs/0.7.8
117 error code EACCES
118 error errno -13
119 error syscall mkdir
120 error Error: EACCES: permission denied, mkdir '/Users/imac/.npm/shelljs/0.7.8'
120 error     at Error (native)
120 error  { Error: EACCES: permission denied, mkdir '/Users/imac/.npm/shelljs/0.7.8'
120 error     at Error (native)
120 error   errno: -13,
120 error   code: 'EACCES',
120 error   syscall: 'mkdir',
120 error   path: '/Users/imac/.npm/shelljs/0.7.8',
120 error   parent: 'cordova-sqlite-storage' }
121 error Please try running this command again as root/Administrator.
122 verbose exit [ -13, true ]
